<?xml version="1.0" encoding="UTF-8"?>
<!-- Generated by org.testng.reporters.JUnitReportReporter -->
<testsuite hostname="DESKTOP-7EUDCAL" failures="0" tests="3" name="SauceTests.FilterTest" time="17.703" errors="0" timestamp="2024-04-30T22:29:17 GMT-03:00" skipped="0">
  <testcase classname="SauceTests.FilterTest" name="filterLowPrice" time="5.706"/>
  <system-out/>
  <testcase classname="SauceTests.FilterTest" name="filterHighPrice" time="6.614"/>
  <system-out/>
  <testcase classname="SauceTests.FilterTest" name="filterName" time="5.383"/>
  <system-out/>
</testsuite> <!-- SauceTests.FilterTest -->
