<?xml version="1.0" encoding="UTF-8"?>
<!-- Generated by org.testng.reporters.JUnitReportReporter -->
<testsuite hostname="DESKTOP-7EUDCAL" failures="0" tests="2" name="SauceTests.LoginTest" time="6.603" errors="0" timestamp="2024-04-30T22:29:17 GMT-03:00" skipped="0">
  <testcase classname="SauceTests.LoginTest" name="inValidLogin" time="3.227"/>
  <system-out/>
  <testcase classname="SauceTests.LoginTest" name="validLogin" time="3.376"/>
  <system-out/>
</testsuite> <!-- SauceTests.LoginTest -->
