<?xml version="1.0" encoding="UTF-8"?>
<!-- Generated by org.testng.reporters.JUnitReportReporter -->
<testsuite hostname="DESKTOP-7EUDCAL" failures="0" tests="7" name="TestNgEx.TestCases" time="0.026" errors="0" timestamp="2024-05-01T22:22:59 GMT-03:00" skipped="0">
  <testcase classname="TestNgEx.TestCases" name="registertest" time="0.002"/>
  <system-out/>
  <testcase classname="TestNgEx.TestCases" name="forgotpaswordtest" time="0.001"/>
  <system-out/>
  <testcase classname="TestNgEx.TestCases" name="ordertest" time="0.002"/>
  <system-out/>
  <testcase classname="TestNgEx.TestCases" name="filtertest" time="0.001"/>
  <system-out/>
  <testcase classname="TestNgEx.TestCases" name="logintest" time="0.002"/>
  <system-out/>
  <testcase classname="TestNgEx.TestCases" name="carttest" time="0.016"/>
  <system-out/>
  <testcase classname="TestNgEx.TestCases" name="logouttest" time="0.002"/>
  <system-out/>
</testsuite> <!-- TestNgEx.TestCases -->
