<?xml version="1.0" encoding="UTF-8"?>
<!-- Generated by org.testng.reporters.JUnitReportReporter -->
<testsuite hostname="DESKTOP-7EUDCAL" failures="0" tests="4" name="TestNgEx.ParallelExecution" time="39.719" errors="0" timestamp="2024-05-01T23:00:04 GMT-03:00" skipped="0">
  <testcase classname="TestNgEx.ParallelExecution" name="cartTest" time="8.826"/>
  <system-out/>
  <testcase classname="TestNgEx.ParallelExecution" name="logoutTest" time="8.644"/>
  <system-out/>
  <testcase classname="TestNgEx.ParallelExecution" name="filtertest" time="9.026"/>
  <system-out/>
  <testcase classname="TestNgEx.ParallelExecution" name="abouttest" time="13.223"/>
  <system-out/>
</testsuite> <!-- TestNgEx.ParallelExecution -->
