<?xml version="1.0" encoding="UTF-8"?>
<!-- Generated by org.testng.reporters.JUnitReportReporter -->
<testsuite hostname="DESKTOP-7EUDCAL" failures="0" tests="4" name="TestNgEx.PriorityEx" time="0.021" errors="0" timestamp="2024-04-30T22:40:47 GMT-03:00" skipped="0">
  <testcase classname="TestNgEx.PriorityEx" name="order" time="0.017"/>
  <system-out/>
  <testcase classname="TestNgEx.PriorityEx" name="logout" time="0.001"/>
  <system-out/>
  <testcase classname="TestNgEx.PriorityEx" name="addtocart" time="0.001"/>
  <system-out/>
  <testcase classname="TestNgEx.PriorityEx" name="filter" time="0.002"/>
  <system-out/>
</testsuite> <!-- TestNgEx.PriorityEx -->
