<?xml version="1.0" encoding="UTF-8"?>
<!-- Generated by org.testng.reporters.JUnitReportReporter -->
<testsuite hostname="DESKTOP-7EUDCAL" failures="0" tests="13" name="TestNgEx.InvocationCountEx" time="0.029" errors="0" timestamp="2024-05-01T22:28:04 GMT-03:00" skipped="0">
  <testcase classname="TestNgEx.InvocationCountEx" name="logintest" time="0.001"/>
  <system-out/>
  <testcase classname="TestNgEx.InvocationCountEx" name="logintest" time="0.001"/>
  <system-out/>
  <testcase classname="TestNgEx.InvocationCountEx" name="logintest" time="0.001"/>
  <system-out/>
  <testcase classname="TestNgEx.InvocationCountEx" name="logintest" time="0.001"/>
  <system-out/>
  <testcase classname="TestNgEx.InvocationCountEx" name="logintest" time="0.001"/>
  <system-out/>
  <testcase classname="TestNgEx.InvocationCountEx" name="logintest" time="0.016"/>
  <system-out/>
  <testcase classname="TestNgEx.InvocationCountEx" name="logintest" time="0.001"/>
  <system-out/>
  <testcase classname="TestNgEx.InvocationCountEx" name="ordertest" time="0.000"/>
  <system-out/>
  <testcase classname="TestNgEx.InvocationCountEx" name="logintest" time="0.001"/>
  <system-out/>
  <testcase classname="TestNgEx.InvocationCountEx" name="ordertest" time="0.001"/>
  <system-out/>
  <testcase classname="TestNgEx.InvocationCountEx" name="logintest" time="0.002"/>
  <system-out/>
  <testcase classname="TestNgEx.InvocationCountEx" name="ordertest" time="0.002"/>
  <system-out/>
  <testcase classname="TestNgEx.InvocationCountEx" name="logintest" time="0.001"/>
  <system-out/>
</testsuite> <!-- TestNgEx.InvocationCountEx -->
