<?xml version="1.0" encoding="UTF-8"?>
<!-- Generated by org.testng.reporters.JUnitReportReporter -->
<testsuite hostname="DESKTOP-7EUDCAL" failures="0" tests="1" name="SauceTests.LogoutTest" time="5.089" errors="0" timestamp="2024-04-30T22:29:17 GMT-03:00" skipped="0">
  <testcase classname="SauceTests.LogoutTest" name="logout" time="5.089"/>
  <system-out/>
</testsuite> <!-- SauceTests.LogoutTest -->
