<?xml version="1.0" encoding="UTF-8"?>
<!-- Generated by org.testng.reporters.JUnitReportReporter -->
<testsuite hostname="DESKTOP-7EUDCAL" failures="0" tests="3" name="SauceTests" time="10.725" errors="0" timestamp="2024-04-29T22:44:59 GMT-03:00" skipped="0">
  <testcase classname="SauceTests" name="addtocarttest" time="4.319"/>
  <system-out/>
  <testcase classname="SauceTests" name="logouttest" time="3.343"/>
  <system-out/>
  <testcase classname="SauceTests" name="logintest" time="3.063"/>
  <system-out/>
</testsuite> <!-- SauceTests -->
