<?xml version="1.0" encoding="UTF-8"?>
<!-- Generated by org.testng.reporters.JUnitReportReporter -->
<testsuite hostname="DESKTOP-7EUDCAL" failures="0" tests="3" name="SampleTest" time="0.018" errors="0" timestamp="2024-04-29T22:24:57 GMT-03:00" skipped="0">
  <testcase classname="SampleTest" name="logouttest" time="0.002"/>
  <system-out/>
  <testcase classname="SampleTest" name="logintest" time="0.015"/>
  <system-out/>
  <testcase classname="SampleTest" name="ordertest" time="0.001"/>
  <system-out/>
</testsuite> <!-- SampleTest -->
