<?xml version="1.0" encoding="UTF-8"?>
<!-- Generated by org.testng.reporters.JUnitReportReporter -->
<testsuite hostname="DESKTOP-7EUDCAL" failures="0" tests="3" name="AnnotationEg" time="0.011" errors="0" timestamp="2024-04-29T23:01:00 GMT-03:00" skipped="0">
  <testcase classname="AnnotationEg" name="method1" time="0.006"/>
  <system-out/>
  <testcase classname="AnnotationEg" name="method3" time="0.003"/>
  <system-out/>
  <testcase classname="AnnotationEg" name="method2" time="0.002"/>
  <system-out/>
</testsuite> <!-- AnnotationEg -->
