<?xml version="1.0" encoding="UTF-8"?>
<!-- Generated by org.testng.reporters.JUnitReportReporter -->
<testsuite hostname="DESKTOP-7EUDCAL" failures="0" tests="2" name="testcases.LoginTest" time="10.714" errors="0" timestamp="2024-05-03T23:07:58 GMT-03:00" skipped="0">
  <testcase classname="testcases.LoginTest" name="invalidLogin" time="5.030"/>
  <system-out/>
  <testcase classname="testcases.LoginTest" name="validLogin" time="5.684"/>
  <system-out/>
</testsuite> <!-- testcases.LoginTest -->
