<?xml version="1.0" encoding="UTF-8"?>
<!-- Generated by org.testng.reporters.JUnitReportReporter -->
<testsuite hostname="DESKTOP-7EUDCAL" failures="0" tests="1" name="testcases.ForgotPasswordTest" time="3.687" errors="0" timestamp="2024-05-06T23:19:01 GMT-03:00" skipped="0">
  <testcase classname="testcases.ForgotPasswordTest" name="verifyForgottenPassword" time="3.687"/>
  <system-out/>
</testsuite> <!-- testcases.ForgotPasswordTest -->
