<?xml version="1.0" encoding="UTF-8"?>
<!-- Generated by org.testng.reporters.JUnitReportReporter -->
<testsuite hostname="DESKTOP-7EUDCAL" failures="0" tests="2" name="testcases.LoginTest" time="11.991" errors="0" timestamp="2024-05-06T23:00:58 GMT-03:00" skipped="0">
  <testcase classname="testcases.LoginTest" name="invalidLogin" time="6.404"/>
  <system-out/>
  <testcase classname="testcases.LoginTest" name="validLogin" time="5.587"/>
  <system-out/>
</testsuite> <!-- testcases.LoginTest -->
