<?xml version="1.0" encoding="UTF-8"?>
<!-- Generated by org.testng.reporters.JUnitReportReporter -->
<testsuite hostname="DESKTOP-7EUDCAL" failures="0" tests="2" name="testcases.RegisterTest" time="8.448" errors="0" timestamp="2024-05-06T23:00:58 GMT-03:00" skipped="0">
  <testcase classname="testcases.RegisterTest" name="verifyRegister" time="4.696"/>
  <system-out/>
  <testcase classname="testcases.RegisterTest" name="verifyWarningMessage" time="3.752"/>
  <system-out/>
</testsuite> <!-- testcases.RegisterTest -->
